<?xml version="1.0" encoding="UTF-8"?>
<!-- Generated by org.testng.reporters.JUnitReportReporter -->
<testsuite skipped="0" hostname="SHI58495EU1322F" name="tests.MypediaHomePageTest" tests="1" failures="0" timestamp="11 May 2021 17:04:18 GMT" time="34.761" errors="0">
  <testcase name="validateMypediaWebsiteLoadsOrNotTest" time="34.761" classname="tests.MypediaHomePageTest"/>
</testsuite> <!-- tests.MypediaHomePageTest -->
