<?xml version="1.0" encoding="UTF-8"?>
<!-- Generated by org.testng.reporters.JUnitReportReporter -->
<testsuite skipped="0" hostname="SHI58495EU1322F" name="tests.CreateAnAccountPageTest" tests="1" failures="0" timestamp="12 May 2021 12:18:29 GMT" time="2082.331" errors="0">
  <testcase name="createAnAccountButtonIsDisabledOrNotTest" time="2082.331" classname="tests.CreateAnAccountPageTest"/>
</testsuite> <!-- tests.CreateAnAccountPageTest -->
